#
# There is insufficient memory for the Java Runtime Environment to continue.
# Native memory allocation (malloc) failed to allocate 920576 bytes for Chunk::new
# Possible reasons:
#   The system is out of physical RAM or swap space
#   In 32 bit mode, the process size limit was hit
# Possible solutions:
#   Reduce memory load on the system
#   Increase physical memory or swap space
#   Check if swap backing store is full
#   Use 64 bit Java on a 64 bit OS
#   Decrease Java heap size (-Xmx/-Xms)
#   Decrease number of Java threads
#   Decrease Java thread stack sizes (-Xss)
#   Set larger code cache with -XX:ReservedCodeCacheSize=
# This output file may be truncated or incomplete.
#
#  Out of Memory Error (allocation.cpp:390), pid=3900, tid=0x0000000000002254
#
# JRE version: Java(TM) SE Runtime Environment (8.0_101-b13) (build 1.8.0_101-b13)
# Java VM: Java HotSpot(TM) 64-Bit Server VM (25.101-b13 mixed mode windows-amd64 compressed oops)
# Failed to write core dump. Minidumps are not enabled by default on client versions of Windows
#

---------------  T H R E A D  ---------------

Current thread (0x000000001977f800):  JavaThread "C2 CompilerThread0" daemon [_thread_in_native, id=8788, stack(0x000000001a340000,0x000000001a440000)]

Stack: [0x000000001a340000,0x000000001a440000]
[error occurred during error reporting (printing stack bounds), id 0xc0000005]

Native frames: (J=compiled Java code, j=interpreted, Vv=VM code, C=native code)


Current CompileTask:
C2:    544  440       4       org.jacoco.agent.rt.internal_8ff85ea.asm.commons.AnalyzerAdapter::execute (1946 bytes)


---------------  P R O C E S S  ---------------

Java Threads: ( => current thread )
  0x0000000019b50800 JavaThread "Service Thread" daemon [_thread_blocked, id=1140, stack(0x000000001a640000,0x000000001a740000)]
  0x0000000019783800 JavaThread "C1 CompilerThread2" daemon [_thread_blocked, id=11004, stack(0x000000001a540000,0x000000001a640000)]
  0x0000000019706000 JavaThread "C2 CompilerThread1" daemon [_thread_in_native, id=7928, stack(0x000000001a440000,0x000000001a540000)]
=>0x000000001977f800 JavaThread "C2 CompilerThread0" daemon [_thread_in_native, id=8788, stack(0x000000001a340000,0x000000001a440000)]
  0x0000000017d8e800 JavaThread "Attach Listener" daemon [_thread_blocked, id=3284, stack(0x0000000019300000,0x0000000019400000)]
  0x0000000017d8d000 JavaThread "Signal Dispatcher" daemon [_thread_blocked, id=3800, stack(0x0000000019200000,0x0000000019300000)]
  0x000000000325d800 JavaThread "Finalizer" daemon [_thread_blocked, id=6740, stack(0x0000000018ff0000,0x00000000190f0000)]
  0x0000000003252000 JavaThread "Reference Handler" daemon [_thread_blocked, id=8960, stack(0x0000000018ef0000,0x0000000018ff0000)]
  0x0000000003162800 JavaThread "main" [_thread_in_native, id=6668, stack(0x0000000002f60000,0x0000000003060000)]

Other Threads:
  0x0000000017d57000 VMThread [stack: 0x0000000018df0000,0x0000000018ef0000] [id=10888]
  0x0000000019707000 WatcherThread [stack: 0x000000001a740000,0x000000001a840000] [id=10248]

VM state:not at safepoint (normal execution)

VM Mutex/Monitor currently owned by a thread: None

Heap:
 PSYoungGen      total 38400K, used 24029K [0x00000000d5f00000, 0x00000000d8980000, 0x0000000100000000)
  eden space 33280K, 72% used [0x00000000d5f00000,0x00000000d7677610,0x00000000d7f80000)
  from space 5120K, 0% used [0x00000000d8480000,0x00000000d8480000,0x00000000d8980000)
  to   space 5120K, 0% used [0x00000000d7f80000,0x00000000d7f80000,0x00000000d8480000)
 ParOldGen       total 87552K, used 0K [0x0000000081c00000, 0x0000000087180000, 0x00000000d5f00000)
  object space 87552K, 0% used [0x0000000081c00000,0x0000000081c00000,0x0000000087180000)
 Metaspace       used 5473K, capacity 6074K, committed 6400K, reserved 1056768K
  class space    used 611K, capacity 661K, committed 768K, reserved 1048576K

Card table byte_map: [0x0000000012620000,0x0000000012a20000] byte_map_base: 0x0000000012212000

Marking Bits: (ParMarkBitMap*) 0x00000000627aa6d0
 Begin Bits: [0x00000000130d0000, 0x0000000015060000)
 End Bits:   [0x0000000015060000, 0x0000000016ff0000)

Polling page: 0x0000000002e40000

CodeCache: size=245760Kb used=3118Kb max_used=3118Kb free=242641Kb
 bounds [0x0000000003260000, 0x0000000003570000, 0x0000000012260000]
 total_blobs=925 nmethods=650 adapters=188
 compilation: enabled

Compilation events (10 events):
Event: 0.462 Thread 0x0000000019783800 nmethod 558 0x00000000035173d0 code [0x00000000035175a0, 0x0000000003517e18]
Event: 0.470 Thread 0x0000000019783800  559       3       java.util.Properties::getProperty (46 bytes)
Event: 0.470 Thread 0x0000000019783800 nmethod 559 0x0000000003518090 code [0x0000000003518220, 0x00000000035186d8]
Event: 0.471 Thread 0x0000000019783800  560       3       java.nio.ByteBuffer::arrayOffset (35 bytes)
Event: 0.471 Thread 0x0000000019783800 nmethod 560 0x0000000003519cd0 code [0x0000000003519e60, 0x000000000351a178]
Event: 0.471 Thread 0x0000000019783800  561       3       org.apache.maven.surefire.util.internal.StringUtils::escapeJavaStyleString (673 bytes)
Event: 0.472 Thread 0x0000000019706000 nmethod 527 0x000000000351c710 code [0x000000000351c960, 0x000000000351d630]
Event: 0.472 Thread 0x0000000019706000  547       4       org.jacoco.agent.rt.internal_8ff85ea.asm.tree.InsnList::accept (23 bytes)
Event: 0.473 Thread 0x0000000019706000 nmethod 547 0x000000000351acd0 code [0x000000000351ae00, 0x000000000351ae98]
Event: 0.473 Thread 0x0000000019706000  543       4       org.jacoco.agent.rt.internal_8ff85ea.asm.ClassWriter::put (152 bytes)

GC Heap History (0 events):
No events

Deoptimization events (5 events):
Event: 0.342 Thread 0x0000000003162800 Uncommon trap: reason=unstable_if action=reinterpret pc=0x00000000034303ec method=org.jacoco.agent.rt.internal_8ff85ea.asm.ClassReader.readUTF8(I[C)Ljava/lang/String; @ 11
Event: 0.348 Thread 0x0000000003162800 Uncommon trap: reason=unstable_if action=reinterpret pc=0x00000000033b2c78 method=sun.misc.URLClassPath.getLoader(I)Lsun/misc/URLClassPath$Loader; @ 36
Event: 0.387 Thread 0x0000000003162800 Uncommon trap: reason=unstable_if action=reinterpret pc=0x00000000033b38a8 method=java.lang.String.indexOf([CII[CIII)I @ 123
Event: 0.398 Thread 0x0000000003162800 Uncommon trap: reason=unstable_if action=reinterpret pc=0x000000000349f784 method=org.jacoco.agent.rt.internal_8ff85ea.asm.ByteVector.putUTF8(Ljava/lang/String;)Lorg/jacoco/agent/rt/internal_8ff85ea/asm/ByteVector; @ 34
Event: 0.451 Thread 0x0000000003162800 Uncommon trap: reason=unstable_if action=reinterpret pc=0x0000000003431cd8 method=org.jacoco.agent.rt.internal_8ff85ea.asm.Item.isEqualTo(Lorg/jacoco/agent/rt/internal_8ff85ea/asm/Item;)Z @ 345

Internal exceptions (10 events):
Event: 0.028 Thread 0x0000000003162800 Exception <a 'java/lang/NoSuchMethodError': Method sun.misc.Unsafe.defineClass(Ljava/lang/String;[BII)Ljava/lang/Class; name or signature does not match> (0x00000000d5f07cc0) thrown at [C:\re\workspace\8-2-build-windows-amd64-cygwin\jdk8u101\7261\hotspot\sΩf§÷ù?
Event: 0.028 Thread 0x0000000003162800 Exception <a 'java/lang/NoSuchMethodError': Method sun.misc.Unsafe.prefetchRead(Ljava/lang/Object;J)V name or signature does not match> (0x00000000d5f07fa8) thrown at [C:\re\workspace\8-2-build-windows-amd64-cygwin\jdk8u101\7261\hotspot\src\share\vm\prims\±iŒAπ«¥?
Event: 0.081 Thread 0x0000000003162800 Exception <a 'java/security/PrivilegedActionException'> (0x00000000d6056f10) thrown at [C:\re\workspace\8-2-build-windows-amd64-cygwin\jdk8u101\7261\hotspot\src\share\vm\prims\jvm.cpp, line 1386]
Event: 0.081 Thread 0x0000000003162800 Exception <a 'java/security/PrivilegedActionException'> (0x00000000d6057120) thrown at [C:\re\workspace\8-2-build-windows-amd64-cygwin\jdk8u101\7261\hotspot\src\share\vm\prims\jvm.cpp, line 1386]
Event: 0.081 Thread 0x0000000003162800 Exception <a 'java/security/PrivilegedActionException'> (0x00000000d6058020) thrown at [C:\re\workspace\8-2-build-windows-amd64-cygwin\jdk8u101\7261\hotspot\src\share\vm\prims\jvm.cpp, line 1386]
Event: 0.081 Thread 0x0000000003162800 Exception <a 'java/security/PrivilegedActionException'> (0x00000000d6058230) thrown at [C:\re\workspace\8-2-build-windows-amd64-cygwin\jdk8u101\7261\hotspot\src\share\vm\prims\jvm.cpp, line 1386]
Event: 0.081 Thread 0x0000000003162800 Exception <a 'java/security/PrivilegedActionException'> (0x00000000d6059188) thrown at [C:\re\workspace\8-2-build-windows-amd64-cygwin\jdk8u101\7261\hotspot\src\share\vm\prims\jvm.cpp, line 1386]
Event: 0.081 Thread 0x0000000003162800 Exception <a 'java/security/PrivilegedActionException'> (0x00000000d6059398) thrown at [C:\re\workspace\8-2-build-windows-amd64-cygwin\jdk8u101\7261\hotspot\src\share\vm\prims\jvm.cpp, line 1386]
Event: 0.082 Thread 0x0000000003162800 Exception <a 'java/security/PrivilegedActionException'> (0x00000000d6060ae0) thrown at [C:\re\workspace\8-2-build-windows-amd64-cygwin\jdk8u101\7261\hotspot\src\share\vm\prims\jvm.cpp, line 1386]
Event: 0.082 Thread 0x0000000003162800 Exception <a 'java/security/PrivilegedActionException'> (0x00000000d6060cf0) thrown at [C:\re\workspace\8-2-build-windows-amd64-cygwin\jdk8u101\7261\hotspot\src\share\vm\prims\jvm.cpp, line 1386]

Events (10 events):
Event: 0.451 Thread 0x0000000003162800 DEOPT PACKING pc=0x0000000003431cd8 sp=0x000000000305a580
Event: 0.451 Thread 0x0000000003162800 DEOPT UNPACKING pc=0x00000000032a582a sp=0x000000000305a518 mode 2
Event: 0.455 loading class java/io/StringWriter
Event: 0.455 loading class java/io/StringWriter done
Event: 0.456 loading class java/lang/NumberFormatException
Event: 0.456 loading class java/lang/NumberFormatException done
Event: 0.472 loading class org/apache/maven/surefire/report/ConsoleOutputCapture
Event: 0.472 loading class org/apache/maven/surefire/report/ConsoleOutputCapture done
Event: 0.473 loading class org/apache/maven/surefire/report/ConsoleOutputCapture$ForwardingPrintStream
Event: 0.473 loading class org/apache/maven/surefire/report/ConsoleOutputCapture$ForwardingPrintStream done


Dynamic libraries:
0x00007ff79d2f0000 - 0x00007ff79d327000 	C:\Program Files\Java\jdk1.8.0_101\jre\bin\java.exe
0x00007ffbe3bb0000 - 0x00007ffbe3d8b000 	C:\WINDOWS\SYSTEM32\ntdll.dll
0x00007ffbe3a10000 - 0x00007ffbe3abe000 	C:\WINDOWS\System32\KERNEL32.DLL
0x00007ffbe07a0000 - 0x00007ffbe09e9000 	C:\WINDOWS\System32\KERNELBASE.dll
0x00007ffbe15c0000 - 0x00007ffbe1661000 	C:\WINDOWS\System32\ADVAPI32.dll
0x00007ffbe3af0000 - 0x00007ffbe3b8d000 	C:\WINDOWS\System32\msvcrt.dll
0x00007ffbe2f60000 - 0x00007ffbe2fb9000 	C:\WINDOWS\System32\sechost.dll
0x00007ffbe11d0000 - 0x00007ffbe12f5000 	C:\WINDOWS\System32\RPCRT4.dll
0x00007ffbe3820000 - 0x00007ffbe396a000 	C:\WINDOWS\System32\USER32.dll
0x00007ffbe10f0000 - 0x00007ffbe110e000 	C:\WINDOWS\System32\win32u.dll
0x00007ffbe3730000 - 0x00007ffbe3757000 	C:\WINDOWS\System32\GDI32.dll
0x00007ffbe0230000 - 0x00007ffbe03b7000 	C:\WINDOWS\System32\gdi32full.dll
0x00007ffbe0530000 - 0x00007ffbe05ca000 	C:\WINDOWS\System32\msvcp_win.dll
0x00007ffbe00d0000 - 0x00007ffbe01c6000 	C:\WINDOWS\System32\ucrtbase.dll
0x00007ffbce630000 - 0x00007ffbce897000 	C:\WINDOWS\WinSxS\amd64_microsoft.windows.common-controls_6595b64144ccf1df_6.0.15063.483_none_26002d27e7c744a2\COMCTL32.dll
0x00007ffbe2b20000 - 0x00007ffbe2e19000 	C:\WINDOWS\System32\combase.dll
0x00007ffbe04c0000 - 0x00007ffbe052a000 	C:\WINDOWS\System32\bcryptPrimitives.dll
0x00007ffbe3ac0000 - 0x00007ffbe3aed000 	C:\WINDOWS\System32\IMM32.DLL
0x0000000062be0000 - 0x0000000062cb2000 	C:\Program Files\Java\jdk1.8.0_101\jre\bin\msvcr100.dll
0x0000000061f90000 - 0x000000006282a000 	C:\Program Files\Java\jdk1.8.0_101\jre\bin\server\jvm.dll
0x00007ffbe15b0000 - 0x00007ffbe15b8000 	C:\WINDOWS\System32\PSAPI.DLL
0x00007ffbdd650000 - 0x00007ffbdd659000 	C:\WINDOWS\SYSTEM32\WSOCK32.dll
0x00007ffbde220000 - 0x00007ffbde243000 	C:\WINDOWS\SYSTEM32\WINMM.dll
0x00007ffbd24b0000 - 0x00007ffbd24ba000 	C:\WINDOWS\SYSTEM32\VERSION.dll
0x00007ffbe36c0000 - 0x00007ffbe372c000 	C:\WINDOWS\System32\WS2_32.dll
0x00007ffbde1f0000 - 0x00007ffbde21b000 	C:\WINDOWS\SYSTEM32\winmmbase.dll
0x00007ffbe0470000 - 0x00007ffbe04b9000 	C:\WINDOWS\System32\cfgmgr32.dll
0x0000000062b90000 - 0x0000000062b9f000 	C:\Program Files\Java\jdk1.8.0_101\jre\bin\verify.dll
0x0000000062b60000 - 0x0000000062b89000 	C:\Program Files\Java\jdk1.8.0_101\jre\bin\java.dll
0x0000000061c00000 - 0x0000000061c23000 	C:\Program Files\Java\jdk1.8.0_101\jre\bin\instrument.dll
0x0000000062900000 - 0x0000000062916000 	C:\Program Files\Java\jdk1.8.0_101\jre\bin\zip.dll
0x00007ffbe1670000 - 0x00007ffbe2aa7000 	C:\WINDOWS\System32\SHELL32.dll
0x00007ffbe3760000 - 0x00007ffbe380a000 	C:\WINDOWS\System32\shcore.dll
0x00007ffbe09f0000 - 0x00007ffbe10e1000 	C:\WINDOWS\System32\windows.storage.dll
0x00007ffbe1170000 - 0x00007ffbe11c1000 	C:\WINDOWS\System32\shlwapi.dll
0x00007ffbe00b0000 - 0x00007ffbe00c1000 	C:\WINDOWS\System32\kernel.appcore.dll
0x00007ffbe0040000 - 0x00007ffbe008c000 	C:\WINDOWS\System32\powrprof.dll
0x00007ffbe0090000 - 0x00007ffbe00a5000 	C:\WINDOWS\System32\profapi.dll
0x00000000628e0000 - 0x00000000628fa000 	C:\Program Files\Java\jdk1.8.0_101\jre\bin\net.dll
0x00007ffbdf8d0000 - 0x00007ffbdf92c000 	C:\WINDOWS\system32\mswsock.dll
0x00007ffbd2540000 - 0x00007ffbd2556000 	C:\WINDOWS\system32\napinsp.dll
0x00007ffbce090000 - 0x00007ffbce0aa000 	C:\WINDOWS\system32\pnrpnsp.dll
0x00007ffbdcf30000 - 0x00007ffbdcf48000 	C:\WINDOWS\system32\NLAapi.dll
0x00007ffbdf6b0000 - 0x00007ffbdf754000 	C:\WINDOWS\SYSTEM32\DNSAPI.dll
0x00007ffbe2b10000 - 0x00007ffbe2b18000 	C:\WINDOWS\System32\NSI.dll
0x00007ffbdf670000 - 0x00007ffbdf6a7000 	C:\WINDOWS\SYSTEM32\IPHLPAPI.DLL
0x00007ffbd41c0000 - 0x00007ffbd41ce000 	C:\WINDOWS\System32\winrnr.dll
0x00007ffbcb030000 - 0x00007ffbcb045000 	C:\WINDOWS\System32\wshbth.dll
0x00007ffbd45e0000 - 0x00007ffbd45ea000 	C:\Windows\System32\rasadhlp.dll
0x00007ffbd3ca0000 - 0x00007ffbd3d0b000 	C:\WINDOWS\System32\fwpuclnt.dll
0x00007ffbdff50000 - 0x00007ffbdff75000 	C:\WINDOWS\SYSTEM32\bcrypt.dll
0x0000000061f70000 - 0x0000000061f81000 	C:\Program Files\Java\jdk1.8.0_101\jre\bin\nio.dll

VM Arguments:
jvm_args: -javaagent:C:\\Users\\ivan\\.m2\\repository\\org\\jacoco\\org.jacoco.agent\\0.7.9\\org.jacoco.agent-0.7.9-runtime.jar=destfile=C:\\Users\\ivan\\Desktop\\ISO-TESTING\\SoulMusicCS\\SoulMusic\\Cliente\\target\\jacoco.exec 
java_command: C:\Users\ivan\Desktop\ISO-TESTING\SoulMusicCS\SoulMusic\Cliente\target\surefire\surefirebooter4786122860840532029.jar C:\Users\ivan\Desktop\ISO-TESTING\SoulMusicCS\SoulMusic\Cliente\target\surefire\surefire5247918927702455005tmp C:\Users\ivan\Desktop\ISO-TESTING\SoulMusicCS\SoulMusic\Cliente\target\surefire\surefire5374375426006415394tmp
java_class_path (initial): C:\Users\ivan\Desktop\ISO-TESTING\SoulMusicCS\SoulMusic\Cliente\target\surefire\surefirebooter4786122860840532029.jar;C:\\Users\\ivan\\.m2\\repository\\org\\jacoco\\org.jacoco.agent\\0.7.9\\org.jacoco.agent-0.7.9-runtime.jar
Launcher Type: SUN_STANDARD

Environment Variables:
JAVA_HOME=C:\Program Files\Java\jdk1.8.0_101
USERNAME=ivan
OS=Windows_NT
PROCESSOR_IDENTIFIER=Intel64 Family 6 Model 69 Stepping 1, GenuineIntel



---------------  S Y S T E M  ---------------

OS: Windows 10.0 , 64 bit Build 15063 (10.0.15063.296)

CPU:total 4 (2 cores per cpu, 2 threads per core) family 6 model 69 stepping 1, cmov, cx8, fxsr, mmx, sse, sse2, sse3, ssse3, sse4.1, sse4.2, popcnt, avx, avx2, aes, clmul, erms, lzcnt, ht, tsc, tscinvbit, bmi1, bmi2

Memory: 4k page, physical 8266008k(2334736k free), swap 8266008k(4240k free)

vm_info: Java HotSpot(TM) 64-Bit Server VM (25.101-b13) for windows-amd64 JRE (1.8.0_101-b13), built on Jun 22 2016 01:21:29 by "java_re" with MS VC++ 10.0 (VS2010)

time: Tue Dec 19 18:14:25 2017
elapsed time: 0 seconds (0d 0h 0m 0s)

