#
# There is insufficient memory for the Java Runtime Environment to continue.
# Native memory allocation (malloc) failed to allocate 1048576 bytes for AllocateHeap
# Possible reasons:
#   The system is out of physical RAM or swap space
#   In 32 bit mode, the process size limit was hit
# Possible solutions:
#   Reduce memory load on the system
#   Increase physical memory or swap space
#   Check if swap backing store is full
#   Use 64 bit Java on a 64 bit OS
#   Decrease Java heap size (-Xmx/-Xms)
#   Decrease number of Java threads
#   Decrease Java thread stack sizes (-Xss)
#   Set larger code cache with -XX:ReservedCodeCacheSize=
# This output file may be truncated or incomplete.
#
#  Out of Memory Error (memory/allocation.inline.hpp:61), pid=13104, tid=0x0000000000000b58
#
# JRE version:  (8.0_101-b13) (build )
# Java VM: Java HotSpot(TM) 64-Bit Server VM (25.101-b13 mixed mode windows-amd64 compressed oops)
# Failed to write core dump. Minidumps are not enabled by default on client versions of Windows
#

---------------  T H R E A D  ---------------

Current thread (0x0000000002bce000):  JavaThread "Unknown thread" [_thread_in_vm, id=2904, stack(0x00000000029f0000,0x0000000002af0000)]

Stack: [0x00000000029f0000,0x0000000002af0000]
[error occurred during error reporting (printing stack bounds), id 0xc0000005]

Native frames: (J=compiled Java code, j=interpreted, Vv=VM code, C=native code)


---------------  P R O C E S S  ---------------

Java Threads: ( => current thread )

Other Threads:

=>0x0000000002bce000 (exited) JavaThread "Unknown thread" [_thread_in_vm, id=2904, stack(0x00000000029f0000,0x0000000002af0000)]

VM state:not at safepoint (normal execution)

VM Mutex/Monitor currently owned by a thread: None

Heap:
 PSYoungGen      total 38400K, used 665K [0x00000000d5f00000, 0x00000000d8980000, 0x0000000100000000)
  eden space 33280K, 2% used [0x00000000d5f00000,0x00000000d5fa6670,0x00000000d7f80000)
  from space 5120K, 0% used [0x00000000d8480000,0x00000000d8480000,0x00000000d8980000)
  to   space 5120K, 0% used [0x00000000d7f80000,0x00000000d7f80000,0x00000000d8480000)
 ParOldGen       total 87552K, used 0K [0x0000000081c00000, 0x0000000087180000, 0x00000000d5f00000)
  object space 87552K, 0% used [0x0000000081c00000,0x0000000081c00000,0x0000000087180000)
 Metaspace       used 769K, capacity 4480K, committed 4480K, reserved 1056768K
  class space    used 75K, capacity 384K, committed 384K, reserved 1048576K

Card table byte_map: [0x0000000012190000,0x0000000012590000] byte_map_base: 0x0000000011d82000

Marking Bits: (ParMarkBitMap*) 0x000000006fdaa6d0
 Begin Bits: [0x0000000012c40000, 0x0000000014bd0000)
 End Bits:   [0x0000000014bd0000, 0x0000000016b60000)

Polling page: 0x0000000002990000

CodeCache: size=245760Kb used=328Kb max_used=328Kb free=245431Kb
 bounds [0x0000000002dd0000, 0x0000000003040000, 0x0000000011dd0000]
 total_blobs=58 nmethods=0 adapters=38
 compilation: enabled

Compilation events (0 events):
No events

GC Heap History (0 events):
No events

Deoptimization events (0 events):
No events

Internal exceptions (0 events):
No events

Events (10 events):
Event: 0.034 loading class java/lang/Short
Event: 0.034 loading class java/lang/Short done
Event: 0.034 loading class java/lang/Integer
Event: 0.035 loading class java/lang/Integer done
Event: 0.035 loading class java/lang/Long
Event: 0.035 loading class java/lang/Long done
Event: 0.036 loading class java/lang/NullPointerException
Event: 0.036 loading class java/lang/NullPointerException done
Event: 0.036 loading class java/lang/ArithmeticException
Event: 0.036 loading class java/lang/ArithmeticException done


Dynamic libraries:
0x00007ff6f8100000 - 0x00007ff6f8137000 	C:\Program Files\Java\jdk1.8.0_101\bin\java.exe
0x00007ffaa13c0000 - 0x00007ffaa159b000 	C:\WINDOWS\SYSTEM32\ntdll.dll
0x00007ffaa1250000 - 0x00007ffaa12fe000 	C:\WINDOWS\System32\KERNEL32.DLL
0x00007ffa9e680000 - 0x00007ffa9e8c9000 	C:\WINDOWS\System32\KERNELBASE.dll
0x00007ffa9eb60000 - 0x00007ffa9ec01000 	C:\WINDOWS\System32\ADVAPI32.dll
0x00007ffa9eac0000 - 0x00007ffa9eb5d000 	C:\WINDOWS\System32\msvcrt.dll
0x00007ffa9faf0000 - 0x00007ffa9fb49000 	C:\WINDOWS\System32\sechost.dll
0x00007ffa9e920000 - 0x00007ffa9ea45000 	C:\WINDOWS\System32\RPCRT4.dll
0x00007ffa9f930000 - 0x00007ffa9fa7a000 	C:\WINDOWS\System32\USER32.dll
0x00007ffa9d8e0000 - 0x00007ffa9d8fe000 	C:\WINDOWS\System32\win32u.dll
0x00007ffa9ea80000 - 0x00007ffa9eaa7000 	C:\WINDOWS\System32\GDI32.dll
0x00007ffa9e110000 - 0x00007ffa9e297000 	C:\WINDOWS\System32\gdi32full.dll
0x00007ffa9e000000 - 0x00007ffa9e09a000 	C:\WINDOWS\System32\msvcp_win.dll
0x00007ffa9e2a0000 - 0x00007ffa9e396000 	C:\WINDOWS\System32\ucrtbase.dll
0x00007ffa8e6e0000 - 0x00007ffa8e947000 	C:\WINDOWS\WinSxS\amd64_microsoft.windows.common-controls_6595b64144ccf1df_6.0.15063.483_none_26002d27e7c744a2\COMCTL32.dll
0x00007ffa9f630000 - 0x00007ffa9f929000 	C:\WINDOWS\System32\combase.dll
0x00007ffa9e0a0000 - 0x00007ffa9e10a000 	C:\WINDOWS\System32\bcryptPrimitives.dll
0x00007ffa9ea50000 - 0x00007ffa9ea7d000 	C:\WINDOWS\System32\IMM32.DLL
0x0000000070490000 - 0x0000000070562000 	C:\Program Files\Java\jdk1.8.0_101\jre\bin\msvcr100.dll
0x000000006f590000 - 0x000000006fe2a000 	C:\Program Files\Java\jdk1.8.0_101\jre\bin\server\jvm.dll
0x00007ffa9eab0000 - 0x00007ffa9eab8000 	C:\WINDOWS\System32\PSAPI.DLL
0x00007ffa9a3c0000 - 0x00007ffa9a3c9000 	C:\WINDOWS\SYSTEM32\WSOCK32.dll
0x00007ffa9fa80000 - 0x00007ffa9faec000 	C:\WINDOWS\System32\WS2_32.dll
0x00007ffa9bb90000 - 0x00007ffa9bbb3000 	C:\WINDOWS\SYSTEM32\WINMM.dll
0x00007ffa8fd60000 - 0x00007ffa8fd6a000 	C:\WINDOWS\SYSTEM32\VERSION.dll
0x00007ffa9bb30000 - 0x00007ffa9bb5b000 	C:\WINDOWS\SYSTEM32\WINMMBASE.dll
0x00007ffa9e8d0000 - 0x00007ffa9e919000 	C:\WINDOWS\System32\cfgmgr32.dll
0x0000000070290000 - 0x000000007029f000 	C:\Program Files\Java\jdk1.8.0_101\jre\bin\verify.dll
0x0000000070260000 - 0x0000000070289000 	C:\Program Files\Java\jdk1.8.0_101\jre\bin\java.dll
0x0000000070240000 - 0x0000000070256000 	C:\Program Files\Java\jdk1.8.0_101\jre\bin\zip.dll

VM Arguments:
java_command: magesft2.serv_func.main
java_class_path (initial): C:\Users\ivan\Desktop\SoulMusic\SoulMusicCS\Serv_Mus\Serv_func\target\classes;C:\Users\ivan\Desktop\SoulMusic\SoulMusicCS\Serv_Mus\Conectar\target\classes;C:\Users\ivan\.m2\repository\mysql\mysql-connector-java\5.1.44\mysql-connector-java-5.1.44.jar
Launcher Type: SUN_STANDARD

Environment Variables:
JAVA_HOME=C:\Program Files\Java\jdk1.8.0_101
USERNAME=ivan
OS=Windows_NT
PROCESSOR_IDENTIFIER=Intel64 Family 6 Model 69 Stepping 1, GenuineIntel



---------------  S Y S T E M  ---------------

OS: Windows 10.0 , 64 bit Build 15063 (10.0.15063.296)

CPU:total 4 (2 cores per cpu, 2 threads per core) family 6 model 69 stepping 1, cmov, cx8, fxsr, mmx, sse, sse2, sse3, ssse3, sse4.1, sse4.2, popcnt, avx, avx2, aes, clmul, erms, lzcnt, ht, tsc, tscinvbit, bmi1, bmi2

Memory: 4k page, physical 8266008k(2180744k free), swap 8266008k(5216k free)

vm_info: Java HotSpot(TM) 64-Bit Server VM (25.101-b13) for windows-amd64 JRE (1.8.0_101-b13), built on Jun 22 2016 01:21:29 by "java_re" with MS VC++ 10.0 (VS2010)

time: Wed Nov 22 17:21:10 2017
elapsed time: 0 seconds (0d 0h 0m 0s)

